2024-03-31 16:49:35,074:ERROR:Error: can only concatenate str (not "list") to str
2024-03-31 16:52:13,064:ERROR:Error: 'str' object is not a mapping
2024-03-31 16:53:35,901:ERROR:Error: 'str' object is not a mapping
2024-03-31 16:56:38,006:ERROR:Error: write_to_csv() missing 1 required positional argument: 'data'
2024-03-31 17:05:16,238:ERROR:Error: write_to_csv() missing 1 required positional argument: 'data'
2024-03-31 17:07:16,407:ERROR:Error: write_to_csv() missing 1 required positional argument: 'data'
2024-03-31 17:09:26,449:ERROR:Error: write_to_csv() missing 1 required positional argument: 'data'
2024-03-31 17:10:57,802:ERROR:Error: write_to_csv() missing 1 required positional argument: 'data'
2024-03-31 17:12:45,908:ERROR:Error: write_to_csv() missing 1 required positional argument: 'data'
2024-04-07 15:06:41,211:ERROR:Error: write_to_csv() missing 1 required positional argument: 'data'
2024-04-08 13:36:56,991:ERROR:Error: <HttpError 403 when requesting https://www.googleapis.com/drive/v3/files/1QPmTmGV0mAv5PQqao_qv3dZHgl8NXIHqT6BXeaabPFM?alt=media returned "Only files with binary content can be downloaded. Use Export with Docs Editors files.". Details: "[{'message': 'Only files with binary content can be downloaded. Use Export with Docs Editors files.', 'domain': 'global', 'reason': 'fileNotDownloadable', 'location': 'alt', 'locationType': 'parameter'}]">
2024-04-08 13:42:09,115:ERROR:Error: <HttpError 403 when requesting https://www.googleapis.com/drive/v3/files/1QPmTmGV0mAv5PQqao_qv3dZHgl8NXIHqT6BXeaabPFM?alt=media returned "Only files with binary content can be downloaded. Use Export with Docs Editors files.". Details: "[{'message': 'Only files with binary content can be downloaded. Use Export with Docs Editors files.', 'domain': 'global', 'reason': 'fileNotDownloadable', 'location': 'alt', 'locationType': 'parameter'}]">
2024-04-08 13:44:12,603:ERROR:Error: <HttpError 404 when requesting https://www.googleapis.com/drive/v3/files?q=%271VxAnarX8GtjHHhtH6_oUeEucvUQDVeE%27+in+parents+and+trashed%3Dfalse&pageSize=10&fields=nextPageToken%2C+files%28id%2C+name%2C+createdTime%29&alt=json returned "File not found: .". Details: "[{'message': 'File not found: .', 'domain': 'global', 'reason': 'notFound', 'location': 'fileId', 'locationType': 'parameter'}]">
2024-04-08 13:44:21,865:ERROR:Error: <HttpError 404 when requesting https://www.googleapis.com/drive/v3/files?q=%271VxAnarX8GtjHHhtH6_oUeEucvUQDVeE%27+in+parents+and+trashed%3Dfalse&pageSize=10&fields=nextPageToken%2C+files%28id%2C+name%2C+createdTime%29&alt=json returned "File not found: .". Details: "[{'message': 'File not found: .', 'domain': 'global', 'reason': 'notFound', 'location': 'fileId', 'locationType': 'parameter'}]">
2024-04-08 13:44:34,900:ERROR:Error: <HttpError 403 when requesting https://www.googleapis.com/drive/v3/files/1QPmTmGV0mAv5PQqao_qv3dZHgl8NXIHqT6BXeaabPFM?alt=media returned "Only files with binary content can be downloaded. Use Export with Docs Editors files.". Details: "[{'message': 'Only files with binary content can be downloaded. Use Export with Docs Editors files.', 'domain': 'global', 'reason': 'fileNotDownloadable', 'location': 'alt', 'locationType': 'parameter'}]">
2024-04-08 13:52:57,797:ERROR:Error: <HttpError 403 when requesting https://www.googleapis.com/drive/v3/files/1QPmTmGV0mAv5PQqao_qv3dZHgl8NXIHqT6BXeaabPFM?alt=media returned "Only files with binary content can be downloaded. Use Export with Docs Editors files.". Details: "[{'message': 'Only files with binary content can be downloaded. Use Export with Docs Editors files.', 'domain': 'global', 'reason': 'fileNotDownloadable', 'location': 'alt', 'locationType': 'parameter'}]">
2024-04-11 12:24:09,362:ERROR:Error: <HttpError 404 when requesting https://www.googleapis.com/drive/v3/files/1FRKGtntwXNCFjK88h3wapDBZjFXvitng?alt=media returned "File not found: 1FRKGtntwXNCFjK88h3wapDBZjFXvitng.". Details: "[{'message': 'File not found: 1FRKGtntwXNCFjK88h3wapDBZjFXvitng.', 'domain': 'global', 'reason': 'notFound', 'location': 'fileId', 'locationType': 'parameter'}]">
2024-04-11 12:29:00,055:ERROR:Error: <HttpError 404 when requesting https://www.googleapis.com/drive/v3/files/1FRKGtntwXNCFjK88h3wapDBZjFXvitng?alt=media returned "File not found: 1FRKGtntwXNCFjK88h3wapDBZjFXvitng.". Details: "[{'message': 'File not found: 1FRKGtntwXNCFjK88h3wapDBZjFXvitng.', 'domain': 'global', 'reason': 'notFound', 'location': 'fileId', 'locationType': 'parameter'}]">
2024-04-11 12:39:36,581:ERROR:Error: <HttpError 404 when requesting https://www.googleapis.com/drive/v3/files/1FRKGtntwXNCFjK88h3wapDBZjFXvitng?alt=media returned "File not found: 1FRKGtntwXNCFjK88h3wapDBZjFXvitng.". Details: "[{'message': 'File not found: 1FRKGtntwXNCFjK88h3wapDBZjFXvitng.', 'domain': 'global', 'reason': 'notFound', 'location': 'fileId', 'locationType': 'parameter'}]">
2024-04-11 12:43:39,320:ERROR:Error: <HttpError 404 when requesting https://www.googleapis.com/drive/v3/files/1FRKGtntwXNCFjK88h3wapDBZjFXvitng?alt=media returned "File not found: 1FRKGtntwXNCFjK88h3wapDBZjFXvitng.". Details: "[{'message': 'File not found: 1FRKGtntwXNCFjK88h3wapDBZjFXvitng.', 'domain': 'global', 'reason': 'notFound', 'location': 'fileId', 'locationType': 'parameter'}]">
2024-04-11 12:46:46,633:ERROR:Error: <HttpError 404 when requesting https://www.googleapis.com/drive/v3/files/1FRKGtntwXNCFjK88h3wapDBZjFXvitng?alt=media returned "File not found: 1FRKGtntwXNCFjK88h3wapDBZjFXvitng.". Details: "[{'message': 'File not found: 1FRKGtntwXNCFjK88h3wapDBZjFXvitng.', 'domain': 'global', 'reason': 'notFound', 'location': 'fileId', 'locationType': 'parameter'}]">
2024-04-15 11:47:36,316:ERROR:Error: 'charmap' codec can't decode byte 0x9e in position 777: character maps to <undefined>
2024-04-15 12:18:57,493:ERROR:Error: 'charmap' codec can't decode byte 0x9e in position 833: character maps to <undefined>
2024-04-15 12:19:54,771:ERROR:Error: 'charmap' codec can't decode byte 0x9e in position 833: character maps to <undefined>
2024-04-15 12:21:53,715:ERROR:Error: 'charmap' codec can't decode byte 0x9e in position 833: character maps to <undefined>
2024-04-15 12:23:36,756:ERROR:Error: 'charmap' codec can't decode byte 0x9e in position 833: character maps to <undefined>
2024-04-15 12:23:58,531:ERROR:Error: 'charmap' codec can't decode byte 0x9e in position 833: character maps to <undefined>
2024-04-15 12:28:29,908:ERROR:Error: 'charmap' codec can't decode byte 0x9e in position 833: character maps to <undefined>
2024-04-15 14:39:48,548:ERROR:Error: 'charmap' codec can't decode byte 0x9e in position 833: character maps to <undefined>
2024-04-15 14:44:21,923:ERROR:Error: 'charmap' codec can't decode byte 0x9e in position 833: character maps to <undefined>
2024-04-15 17:13:56,278:ERROR:Error: 'charmap' codec can't decode byte 0x9e in position 833: character maps to <undefined>
2024-04-15 17:37:05,592:ERROR:Error: 'charmap' codec can't decode byte 0x9e in position 833: character maps to <undefined>
2024-04-15 17:37:48,129:ERROR:Error: 'charmap' codec can't decode byte 0x9e in position 833: character maps to <undefined>
2024-04-15 17:50:38,963:ERROR:Error: 'charmap' codec can't decode byte 0x9e in position 833: character maps to <undefined>
